0 info it worked if it ends with ok
1 verbose cli [ 'C:\\Program Files\\nodejs\\node.exe',
1 verbose cli   'C:\\Program Files\\nodejs\\node_modules\\npm\\bin\\npm-cli.js',
1 verbose cli   'install',
1 verbose cli   'bcrypt',
1 verbose cli   '--save' ]
2 info using npm@2.15.5
3 info using node@v4.4.5
4 verbose install initial load of C:\Users\Wacharabuhm\Documents\GitHub\ezmak\package.json
5 verbose installManyTop reading scoped package data from C:\Users\Wacharabuhm\Documents\GitHub\ezmak\node_modules\express\package.json
6 verbose installManyTop reading scoped package data from C:\Users\Wacharabuhm\Documents\GitHub\ezmak\node_modules\mongodb\package.json
7 verbose installManyTop reading scoped package data from C:\Users\Wacharabuhm\Documents\GitHub\ezmak\node_modules\read\package.json
8 verbose installManyTop reading scoped package data from C:\Users\Wacharabuhm\Documents\GitHub\ezmak\node_modules\serve-static\package.json
9 verbose readDependencies loading dependencies from C:\Users\Wacharabuhm\Documents\GitHub\ezmak\package.json
10 silly cache add args [ 'bcrypt', null ]
11 verbose cache add spec bcrypt
12 silly cache add parsed spec Result {
12 silly cache add   raw: 'bcrypt',
12 silly cache add   scope: null,
12 silly cache add   name: 'bcrypt',
12 silly cache add   rawSpec: '',
12 silly cache add   spec: 'latest',
12 silly cache add   type: 'tag' }
13 silly addNamed bcrypt@latest
14 verbose addNamed "latest" is being treated as a dist-tag for bcrypt
15 info addNameTag [ 'bcrypt', 'latest' ]
16 silly mapToRegistry name bcrypt
17 silly mapToRegistry using default registry
18 silly mapToRegistry registry https://registry.npmjs.org/
19 silly mapToRegistry data Result {
19 silly mapToRegistry   raw: 'bcrypt',
19 silly mapToRegistry   scope: null,
19 silly mapToRegistry   name: 'bcrypt',
19 silly mapToRegistry   rawSpec: '',
19 silly mapToRegistry   spec: 'latest',
19 silly mapToRegistry   type: 'tag' }
20 silly mapToRegistry uri https://registry.npmjs.org/bcrypt
21 verbose addNameTag registry:https://registry.npmjs.org/bcrypt not in flight; fetching
22 verbose request uri https://registry.npmjs.org/bcrypt
23 verbose request no auth needed
24 info attempt registry request try #1 at 12:09:22 AM
25 verbose request id 17724e62118dbe65
26 verbose etag "OTDISP0SPTDYZKMJ146EC4FI"
27 http request GET https://registry.npmjs.org/bcrypt
28 http 304 https://registry.npmjs.org/bcrypt
29 verbose headers { date: 'Mon, 13 Jun 2016 17:09:28 GMT',
29 verbose headers   via: '1.1 varnish',
29 verbose headers   'cache-control': 'max-age=300',
29 verbose headers   etag: '"OTDISP0SPTDYZKMJ146EC4FI"',
29 verbose headers   age: '0',
29 verbose headers   connection: 'keep-alive',
29 verbose headers   'x-served-by': 'cache-sin6923-SIN',
29 verbose headers   'x-cache': 'HIT',
29 verbose headers   'x-cache-hits': '1',
29 verbose headers   'x-timer': 'S1465837768.453791,VS0,VE246',
29 verbose headers   vary: 'Accept-Encoding' }
30 silly get cb [ 304,
30 silly get   { date: 'Mon, 13 Jun 2016 17:09:28 GMT',
30 silly get     via: '1.1 varnish',
30 silly get     'cache-control': 'max-age=300',
30 silly get     etag: '"OTDISP0SPTDYZKMJ146EC4FI"',
30 silly get     age: '0',
30 silly get     connection: 'keep-alive',
30 silly get     'x-served-by': 'cache-sin6923-SIN',
30 silly get     'x-cache': 'HIT',
30 silly get     'x-cache-hits': '1',
30 silly get     'x-timer': 'S1465837768.453791,VS0,VE246',
30 silly get     vary: 'Accept-Encoding' } ]
31 verbose etag https://registry.npmjs.org/bcrypt from cache
32 verbose get saving bcrypt to C:\Users\Wacharabuhm\AppData\Roaming\npm-cache\registry.npmjs.org\bcrypt\.cache.json
33 verbose correctMkdir C:\Users\Wacharabuhm\AppData\Roaming\npm-cache correctMkdir not in flight; initializing
34 silly addNameTag next cb for bcrypt with tag latest
35 silly addNamed bcrypt@0.8.7
36 verbose addNamed "0.8.7" is a plain semver version for bcrypt
37 silly cache afterAdd bcrypt@0.8.7
38 verbose afterAdd C:\Users\Wacharabuhm\AppData\Roaming\npm-cache\bcrypt\0.8.7\package\package.json not in flight; writing
39 verbose correctMkdir C:\Users\Wacharabuhm\AppData\Roaming\npm-cache correctMkdir not in flight; initializing
40 verbose afterAdd C:\Users\Wacharabuhm\AppData\Roaming\npm-cache\bcrypt\0.8.7\package\package.json written
41 silly install resolved [ { name: 'bcrypt',
41 silly install resolved     description: 'A bcrypt library for NodeJS.',
41 silly install resolved     keywords:
41 silly install resolved      [ 'bcrypt',
41 silly install resolved        'password',
41 silly install resolved        'auth',
41 silly install resolved        'authentication',
41 silly install resolved        'encryption',
41 silly install resolved        'crypt',
41 silly install resolved        'crypto' ],
41 silly install resolved     main: './bcrypt',
41 silly install resolved     version: '0.8.7',
41 silly install resolved     author: { name: 'Nick Campbell', url: 'https://github.com/ncb000gt' },
41 silly install resolved     engines: { node: '>= 0.6.0' },
41 silly install resolved     repository:
41 silly install resolved      { type: 'git',
41 silly install resolved        url: 'git+https://github.com/ncb000gt/node.bcrypt.js.git' },
41 silly install resolved     license: 'MIT',
41 silly install resolved     bugs: { url: 'https://github.com/ncb000gt/node.bcrypt.js/issues' },
41 silly install resolved     scripts:
41 silly install resolved      { test: 'node-gyp configure build && nodeunit test',
41 silly install resolved        install: 'node-gyp rebuild' },
41 silly install resolved     dependencies: { bindings: '1.2.1', nan: '2.3.5' },
41 silly install resolved     devDependencies: { nodeunit: '~0.9.1' },
41 silly install resolved     contributors:
41 silly install resolved      [ [Object],
41 silly install resolved        [Object],
41 silly install resolved        [Object],
41 silly install resolved        [Object],
41 silly install resolved        [Object],
41 silly install resolved        [Object],
41 silly install resolved        [Object],
41 silly install resolved        [Object],
41 silly install resolved        [Object],
41 silly install resolved        [Object],
41 silly install resolved        [Object],
41 silly install resolved        [Object],
41 silly install resolved        [Object],
41 silly install resolved        [Object] ],
41 silly install resolved     gypfile: true,
41 silly install resolved     gitHead: '0dc9b78dab6980d129b77d1df723aa44daa7deb4',
41 silly install resolved     homepage: 'https://github.com/ncb000gt/node.bcrypt.js#readme',
41 silly install resolved     _id: 'bcrypt@0.8.7',
41 silly install resolved     _shasum: 'bc3875a9afd0a7b2cd231a6a7f218a5ce156b093',
41 silly install resolved     _from: 'bcrypt@latest',
41 silly install resolved     _npmVersion: '3.8.9',
41 silly install resolved     _nodeVersion: '6.2.0',
41 silly install resolved     _npmUser: { name: 'defunctzombie', email: 'shtylman@gmail.com' },
41 silly install resolved     dist:
41 silly install resolved      { shasum: 'bc3875a9afd0a7b2cd231a6a7f218a5ce156b093',
41 silly install resolved        tarball: 'https://registry.npmjs.org/bcrypt/-/bcrypt-0.8.7.tgz' },
41 silly install resolved     maintainers: [ [Object], [Object], [Object], [Object] ],
41 silly install resolved     _npmOperationalInternal:
41 silly install resolved      { host: 'packages-12-west.internal.npmjs.com',
41 silly install resolved        tmp: 'tmp/bcrypt-0.8.7.tgz_1465526713712_0.05265477881766856' },
41 silly install resolved     directories: {},
41 silly install resolved     _resolved: 'https://registry.npmjs.org/bcrypt/-/bcrypt-0.8.7.tgz',
41 silly install resolved     readme: 'ERROR: No README data found!' } ]
42 info install bcrypt@0.8.7 into C:\Users\Wacharabuhm\Documents\GitHub\ezmak
43 info installOne bcrypt@0.8.7
44 verbose installOne of bcrypt to C:\Users\Wacharabuhm\Documents\GitHub\ezmak not in flight; installing
45 verbose correctMkdir C:\Users\Wacharabuhm\AppData\Roaming\npm-cache\_locks correctMkdir not in flight; initializing
46 verbose lock using C:\Users\Wacharabuhm\AppData\Roaming\npm-cache\_locks\bcrypt-b951a25b28b078d9.lock for C:\Users\Wacharabuhm\Documents\GitHub\ezmak\node_modules\bcrypt
47 silly install write writing bcrypt 0.8.7 to C:\Users\Wacharabuhm\Documents\GitHub\ezmak\node_modules\bcrypt
48 verbose unbuild node_modules\bcrypt
49 silly gentlyRm C:\Users\Wacharabuhm\Documents\GitHub\ezmak\node_modules\bcrypt is being purged from base C:\Users\Wacharabuhm\Documents\GitHub\ezmak
50 verbose gentlyRm don't care about contents; nuking C:\Users\Wacharabuhm\Documents\GitHub\ezmak\node_modules\bcrypt
51 verbose tar unpack C:\Users\Wacharabuhm\AppData\Roaming\npm-cache\bcrypt\0.8.7\package.tgz
52 verbose tar unpacking to C:\Users\Wacharabuhm\Documents\GitHub\ezmak\node_modules\bcrypt
53 silly gentlyRm C:\Users\Wacharabuhm\Documents\GitHub\ezmak\node_modules\bcrypt is being purged
54 verbose gentlyRm don't care about contents; nuking C:\Users\Wacharabuhm\Documents\GitHub\ezmak\node_modules\bcrypt
55 silly gunzTarPerm modes [ '777', '666' ]
56 silly gunzTarPerm extractEntry package.json
57 silly gunzTarPerm modified mode [ 'package.json', 420, 438 ]
58 silly gunzTarPerm extractEntry .npmignore
59 silly gunzTarPerm modified mode [ '.npmignore', 420, 438 ]
60 silly gunzTarPerm extractEntry README.md
61 silly gunzTarPerm modified mode [ 'README.md', 420, 438 ]
62 silly gunzTarPerm extractEntry LICENSE
63 silly gunzTarPerm modified mode [ 'LICENSE', 420, 438 ]
64 silly gunzTarPerm extractEntry bcrypt.js
65 silly gunzTarPerm modified mode [ 'bcrypt.js', 420, 438 ]
66 silly gunzTarPerm extractEntry Makefile
67 silly gunzTarPerm modified mode [ 'Makefile', 420, 438 ]
68 silly gunzTarPerm extractEntry .travis.yml
69 silly gunzTarPerm modified mode [ '.travis.yml', 420, 438 ]
70 silly gunzTarPerm extractEntry CHANGELOG.md
71 silly gunzTarPerm modified mode [ 'CHANGELOG.md', 420, 438 ]
72 silly gunzTarPerm extractEntry binding.gyp
73 silly gunzTarPerm modified mode [ 'binding.gyp', 420, 438 ]
74 silly gunzTarPerm extractEntry examples/async_compare.js
75 silly gunzTarPerm modified mode [ 'examples/async_compare.js', 420, 438 ]
76 silly gunzTarPerm extractEntry examples/forever_gen_salt.js
77 silly gunzTarPerm modified mode [ 'examples/forever_gen_salt.js', 420, 438 ]
78 silly gunzTarPerm extractEntry test/async.js
79 silly gunzTarPerm modified mode [ 'test/async.js', 420, 438 ]
80 silly gunzTarPerm extractEntry test/repetitions.js
81 silly gunzTarPerm modified mode [ 'test/repetitions.js', 420, 438 ]
82 silly gunzTarPerm extractEntry test/sync.js
83 silly gunzTarPerm modified mode [ 'test/sync.js', 420, 438 ]
84 silly gunzTarPerm extractEntry ISSUE_TEMPLATE.md
85 silly gunzTarPerm modified mode [ 'ISSUE_TEMPLATE.md', 420, 438 ]
86 silly gunzTarPerm extractEntry src/bcrypt.cc
87 silly gunzTarPerm modified mode [ 'src/bcrypt.cc', 420, 438 ]
88 silly gunzTarPerm extractEntry src/bcrypt_node.cc
89 silly gunzTarPerm modified mode [ 'src/bcrypt_node.cc', 420, 438 ]
90 silly gunzTarPerm extractEntry src/blowfish.cc
91 silly gunzTarPerm modified mode [ 'src/blowfish.cc', 420, 438 ]
92 silly gunzTarPerm extractEntry src/node_blf.h
93 silly gunzTarPerm modified mode [ 'src/node_blf.h', 420, 438 ]
94 silly gunzTarPerm extractEntry werker.yml
95 silly gunzTarPerm modified mode [ 'werker.yml', 420, 438 ]
96 verbose write writing to C:\Users\Wacharabuhm\Documents\GitHub\ezmak\node_modules\bcrypt\package.json
97 info preinstall bcrypt@0.8.7
98 verbose readDependencies loading dependencies from C:\Users\Wacharabuhm\Documents\GitHub\ezmak\node_modules\bcrypt\package.json
99 silly prepareForInstallMany adding bindings@1.2.1 from bcrypt dependencies
100 silly prepareForInstallMany adding nan@2.3.5 from bcrypt dependencies
101 verbose readDependencies loading dependencies from C:\Users\Wacharabuhm\Documents\GitHub\ezmak\node_modules\bcrypt\package.json
102 silly cache add args [ 'bindings@1.2.1', null ]
103 verbose cache add spec bindings@1.2.1
104 silly cache add args [ 'nan@2.3.5', null ]
105 verbose cache add spec nan@2.3.5
106 silly cache add parsed spec Result {
106 silly cache add   raw: 'bindings@1.2.1',
106 silly cache add   scope: null,
106 silly cache add   name: 'bindings',
106 silly cache add   rawSpec: '1.2.1',
106 silly cache add   spec: '1.2.1',
106 silly cache add   type: 'version' }
107 silly addNamed bindings@1.2.1
108 verbose addNamed "1.2.1" is a plain semver version for bindings
109 silly mapToRegistry name bindings
110 silly mapToRegistry using default registry
111 silly mapToRegistry registry https://registry.npmjs.org/
112 silly mapToRegistry data Result {
112 silly mapToRegistry   raw: 'bindings',
112 silly mapToRegistry   scope: null,
112 silly mapToRegistry   name: 'bindings',
112 silly mapToRegistry   rawSpec: '',
112 silly mapToRegistry   spec: 'latest',
112 silly mapToRegistry   type: 'tag' }
113 silly mapToRegistry uri https://registry.npmjs.org/bindings
114 verbose addNameVersion registry:https://registry.npmjs.org/bindings not in flight; fetching
115 silly cache add parsed spec Result {
115 silly cache add   raw: 'nan@2.3.5',
115 silly cache add   scope: null,
115 silly cache add   name: 'nan',
115 silly cache add   rawSpec: '2.3.5',
115 silly cache add   spec: '2.3.5',
115 silly cache add   type: 'version' }
116 silly addNamed nan@2.3.5
117 verbose addNamed "2.3.5" is a plain semver version for nan
118 silly mapToRegistry name nan
119 silly mapToRegistry using default registry
120 silly mapToRegistry registry https://registry.npmjs.org/
121 silly mapToRegistry data Result {
121 silly mapToRegistry   raw: 'nan',
121 silly mapToRegistry   scope: null,
121 silly mapToRegistry   name: 'nan',
121 silly mapToRegistry   rawSpec: '',
121 silly mapToRegistry   spec: 'latest',
121 silly mapToRegistry   type: 'tag' }
122 silly mapToRegistry uri https://registry.npmjs.org/nan
123 verbose addNameVersion registry:https://registry.npmjs.org/nan not in flight; fetching
124 verbose request uri https://registry.npmjs.org/bindings
125 verbose request no auth needed
126 info attempt registry request try #1 at 12:09:23 AM
127 verbose etag "33TX4J3DNTGF7K41ZUV6OA182"
128 http request GET https://registry.npmjs.org/bindings
129 verbose request uri https://registry.npmjs.org/nan
130 verbose request no auth needed
131 info attempt registry request try #1 at 12:09:23 AM
132 verbose etag "12RFHNMU7CS3WJ1892HQLM0NB"
133 http request GET https://registry.npmjs.org/nan
134 http 304 https://registry.npmjs.org/nan
135 verbose headers { date: 'Mon, 13 Jun 2016 17:09:28 GMT',
135 verbose headers   via: '1.1 varnish',
135 verbose headers   'cache-control': 'max-age=300',
135 verbose headers   etag: '"12RFHNMU7CS3WJ1892HQLM0NB"',
135 verbose headers   age: '231',
135 verbose headers   connection: 'keep-alive',
135 verbose headers   'x-served-by': 'cache-sin6927-SIN',
135 verbose headers   'x-cache': 'HIT',
135 verbose headers   'x-cache-hits': '7',
135 verbose headers   'x-timer': 'S1465837768.990375,VS0,VE0',
135 verbose headers   vary: 'Accept-Encoding' }
136 silly get cb [ 304,
136 silly get   { date: 'Mon, 13 Jun 2016 17:09:28 GMT',
136 silly get     via: '1.1 varnish',
136 silly get     'cache-control': 'max-age=300',
136 silly get     etag: '"12RFHNMU7CS3WJ1892HQLM0NB"',
136 silly get     age: '231',
136 silly get     connection: 'keep-alive',
136 silly get     'x-served-by': 'cache-sin6927-SIN',
136 silly get     'x-cache': 'HIT',
136 silly get     'x-cache-hits': '7',
136 silly get     'x-timer': 'S1465837768.990375,VS0,VE0',
136 silly get     vary: 'Accept-Encoding' } ]
137 verbose etag https://registry.npmjs.org/nan from cache
138 verbose get saving nan to C:\Users\Wacharabuhm\AppData\Roaming\npm-cache\registry.npmjs.org\nan\.cache.json
139 verbose correctMkdir C:\Users\Wacharabuhm\AppData\Roaming\npm-cache correctMkdir not in flight; initializing
140 silly cache afterAdd nan@2.3.5
141 verbose afterAdd C:\Users\Wacharabuhm\AppData\Roaming\npm-cache\nan\2.3.5\package\package.json not in flight; writing
142 verbose correctMkdir C:\Users\Wacharabuhm\AppData\Roaming\npm-cache correctMkdir not in flight; initializing
143 verbose afterAdd C:\Users\Wacharabuhm\AppData\Roaming\npm-cache\nan\2.3.5\package\package.json written
144 http 304 https://registry.npmjs.org/bindings
145 verbose headers { date: 'Mon, 13 Jun 2016 17:09:28 GMT',
145 verbose headers   via: '1.1 varnish',
145 verbose headers   'cache-control': 'max-age=300',
145 verbose headers   etag: '"33TX4J3DNTGF7K41ZUV6OA182"',
145 verbose headers   age: '0',
145 verbose headers   connection: 'keep-alive',
145 verbose headers   'x-served-by': 'cache-sin6923-SIN',
145 verbose headers   'x-cache': 'HIT',
145 verbose headers   'x-cache-hits': '1',
145 verbose headers   'x-timer': 'S1465837768.900137,VS0,VE212',
145 verbose headers   vary: 'Accept-Encoding' }
146 silly get cb [ 304,
146 silly get   { date: 'Mon, 13 Jun 2016 17:09:28 GMT',
146 silly get     via: '1.1 varnish',
146 silly get     'cache-control': 'max-age=300',
146 silly get     etag: '"33TX4J3DNTGF7K41ZUV6OA182"',
146 silly get     age: '0',
146 silly get     connection: 'keep-alive',
146 silly get     'x-served-by': 'cache-sin6923-SIN',
146 silly get     'x-cache': 'HIT',
146 silly get     'x-cache-hits': '1',
146 silly get     'x-timer': 'S1465837768.900137,VS0,VE212',
146 silly get     vary: 'Accept-Encoding' } ]
147 verbose etag https://registry.npmjs.org/bindings from cache
148 verbose get saving bindings to C:\Users\Wacharabuhm\AppData\Roaming\npm-cache\registry.npmjs.org\bindings\.cache.json
149 verbose correctMkdir C:\Users\Wacharabuhm\AppData\Roaming\npm-cache correctMkdir not in flight; initializing
150 silly cache afterAdd bindings@1.2.1
151 verbose afterAdd C:\Users\Wacharabuhm\AppData\Roaming\npm-cache\bindings\1.2.1\package\package.json not in flight; writing
152 verbose correctMkdir C:\Users\Wacharabuhm\AppData\Roaming\npm-cache correctMkdir not in flight; initializing
153 verbose afterAdd C:\Users\Wacharabuhm\AppData\Roaming\npm-cache\bindings\1.2.1\package\package.json written
154 silly install resolved [ { name: 'nan',
154 silly install resolved     version: '2.3.5',
154 silly install resolved     description: 'Native Abstractions for Node.js: C++ header for Node 0.8 -> 6 compatibility',
154 silly install resolved     main: 'include_dirs.js',
154 silly install resolved     repository: { type: 'git', url: 'git://github.com/nodejs/nan.git' },
154 silly install resolved     scripts:
154 silly install resolved      { test: 'tap --gc --stderr test/js/*-test.js',
154 silly install resolved        'rebuild-tests': 'node-gyp rebuild --msvs_version=2013 --directory test',
154 silly install resolved        docs: 'doc/.build.sh' },
154 silly install resolved     contributors:
154 silly install resolved      [ [Object],
154 silly install resolved        [Object],
154 silly install resolved        [Object],
154 silly install resolved        [Object],
154 silly install resolved        [Object],
154 silly install resolved        [Object],
154 silly install resolved        [Object] ],
154 silly install resolved     devDependencies:
154 silly install resolved      { bindings: '~1.2.1',
154 silly install resolved        commander: '^2.8.1',
154 silly install resolved        glob: '^5.0.14',
154 silly install resolved        'node-gyp': '~3.0.1',
154 silly install resolved        tap: '~0.7.1',
154 silly install resolved        xtend: '~4.0.0' },
154 silly install resolved     license: 'MIT',
154 silly install resolved     bugs: { url: 'https://github.com/nodejs/nan/issues' },
154 silly install resolved     homepage: 'https://github.com/nodejs/nan#readme',
154 silly install resolved     _id: 'nan@2.3.5',
154 silly install resolved     _shasum: '822a0dc266290ce4cd3a12282ca3e7e364668a08',
154 silly install resolved     _resolved: 'https://registry.npmjs.org/nan/-/nan-2.3.5.tgz',
154 silly install resolved     _from: 'nan@2.3.5',
154 silly install resolved     _npmVersion: '3.3.6',
154 silly install resolved     _nodeVersion: '5.0.0',
154 silly install resolved     _npmUser: { name: 'kkoopa', email: 'bbyholm@abo.fi' },
154 silly install resolved     dist:
154 silly install resolved      { shasum: '822a0dc266290ce4cd3a12282ca3e7e364668a08',
154 silly install resolved        tarball: 'https://registry.npmjs.org/nan/-/nan-2.3.5.tgz' },
154 silly install resolved     maintainers: [ [Object], [Object] ],
154 silly install resolved     _npmOperationalInternal:
154 silly install resolved      { host: 'packages-12-west.internal.npmjs.com',
154 silly install resolved        tmp: 'tmp/nan-2.3.5.tgz_1464707164994_0.4295874561648816' },
154 silly install resolved     directories: {},
154 silly install resolved     readme: 'ERROR: No README data found!' },
154 silly install resolved   { name: 'bindings',
154 silly install resolved     description: 'Helper module for loading your native module\'s .node file',
154 silly install resolved     keywords: [ 'native', 'addon', 'bindings', 'gyp', 'waf', 'c', 'c++' ],
154 silly install resolved     version: '1.2.1',
154 silly install resolved     author:
154 silly install resolved      { name: 'Nathan Rajlich',
154 silly install resolved        email: 'nathan@tootallnate.net',
154 silly install resolved        url: 'http://tootallnate.net' },
154 silly install resolved     repository:
154 silly install resolved      { type: 'git',
154 silly install resolved        url: 'git://github.com/TooTallNate/node-bindings.git' },
154 silly install resolved     main: './bindings.js',
154 silly install resolved     bugs: { url: 'https://github.com/TooTallNate/node-bindings/issues' },
154 silly install resolved     homepage: 'https://github.com/TooTallNate/node-bindings',
154 silly install resolved     license: 'MIT',
154 silly install resolved     gitHead: 'e404152ee27f8478ccbc7122ee051246e8e5ec02',
154 silly install resolved     _id: 'bindings@1.2.1',
154 silly install resolved     scripts: {},
154 silly install resolved     _shasum: '14ad6113812d2d37d72e67b4cacb4bb726505f11',
154 silly install resolved     _from: 'bindings@1.2.1',
154 silly install resolved     _npmVersion: '1.4.14',
154 silly install resolved     _npmUser: { name: 'tootallnate', email: 'nathan@tootallnate.net' },
154 silly install resolved     maintainers: [ [Object], [Object] ],
154 silly install resolved     dist:
154 silly install resolved      { shasum: '14ad6113812d2d37d72e67b4cacb4bb726505f11',
154 silly install resolved        tarball: 'https://registry.npmjs.org/bindings/-/bindings-1.2.1.tgz' },
154 silly install resolved     directories: {},
154 silly install resolved     _resolved: 'https://registry.npmjs.org/bindings/-/bindings-1.2.1.tgz',
154 silly install resolved     readme: 'ERROR: No README data found!' } ]
155 info install nan@2.3.5 into C:\Users\Wacharabuhm\Documents\GitHub\ezmak\node_modules\bcrypt
156 info install bindings@1.2.1 into C:\Users\Wacharabuhm\Documents\GitHub\ezmak\node_modules\bcrypt
157 info installOne nan@2.3.5
158 verbose installOne of nan to C:\Users\Wacharabuhm\Documents\GitHub\ezmak\node_modules\bcrypt not in flight; installing
159 verbose correctMkdir C:\Users\Wacharabuhm\AppData\Roaming\npm-cache\_locks correctMkdir not in flight; initializing
160 info installOne bindings@1.2.1
161 verbose installOne of bindings to C:\Users\Wacharabuhm\Documents\GitHub\ezmak\node_modules\bcrypt not in flight; installing
162 verbose correctMkdir C:\Users\Wacharabuhm\AppData\Roaming\npm-cache\_locks correctMkdir not in flight; initializing
163 verbose lock using C:\Users\Wacharabuhm\AppData\Roaming\npm-cache\_locks\nan-599296a017ee8d72.lock for C:\Users\Wacharabuhm\Documents\GitHub\ezmak\node_modules\bcrypt\node_modules\nan
164 silly install write writing nan 2.3.5 to C:\Users\Wacharabuhm\Documents\GitHub\ezmak\node_modules\bcrypt\node_modules\nan
165 verbose lock using C:\Users\Wacharabuhm\AppData\Roaming\npm-cache\_locks\bindings-9983080f210c23f9.lock for C:\Users\Wacharabuhm\Documents\GitHub\ezmak\node_modules\bcrypt\node_modules\bindings
166 silly install write writing bindings 1.2.1 to C:\Users\Wacharabuhm\Documents\GitHub\ezmak\node_modules\bcrypt\node_modules\bindings
167 verbose unbuild node_modules\bcrypt\node_modules\nan
168 verbose unbuild node_modules\bcrypt\node_modules\bindings
169 silly gentlyRm C:\Users\Wacharabuhm\Documents\GitHub\ezmak\node_modules\bcrypt\node_modules\nan is being purged from base C:\Users\Wacharabuhm\Documents\GitHub\ezmak
170 verbose gentlyRm don't care about contents; nuking C:\Users\Wacharabuhm\Documents\GitHub\ezmak\node_modules\bcrypt\node_modules\nan
171 verbose tar unpack C:\Users\Wacharabuhm\AppData\Roaming\npm-cache\nan\2.3.5\package.tgz
172 verbose tar unpacking to C:\Users\Wacharabuhm\Documents\GitHub\ezmak\node_modules\bcrypt\node_modules\nan
173 silly gentlyRm C:\Users\Wacharabuhm\Documents\GitHub\ezmak\node_modules\bcrypt\node_modules\nan is being purged
174 verbose gentlyRm don't care about contents; nuking C:\Users\Wacharabuhm\Documents\GitHub\ezmak\node_modules\bcrypt\node_modules\nan
175 silly gentlyRm C:\Users\Wacharabuhm\Documents\GitHub\ezmak\node_modules\bcrypt\node_modules\bindings is being purged from base C:\Users\Wacharabuhm\Documents\GitHub\ezmak
176 verbose gentlyRm don't care about contents; nuking C:\Users\Wacharabuhm\Documents\GitHub\ezmak\node_modules\bcrypt\node_modules\bindings
177 silly gunzTarPerm modes [ '777', '666' ]
178 verbose tar unpack C:\Users\Wacharabuhm\AppData\Roaming\npm-cache\bindings\1.2.1\package.tgz
179 verbose tar unpacking to C:\Users\Wacharabuhm\Documents\GitHub\ezmak\node_modules\bcrypt\node_modules\bindings
180 silly gentlyRm C:\Users\Wacharabuhm\Documents\GitHub\ezmak\node_modules\bcrypt\node_modules\bindings is being purged
181 verbose gentlyRm don't care about contents; nuking C:\Users\Wacharabuhm\Documents\GitHub\ezmak\node_modules\bcrypt\node_modules\bindings
182 silly gunzTarPerm modes [ '777', '666' ]
183 silly gunzTarPerm extractEntry package.json
184 silly gunzTarPerm modified mode [ 'package.json', 436, 438 ]
185 silly gunzTarPerm extractEntry package.json
186 silly gunzTarPerm modified mode [ 'package.json', 420, 438 ]
187 silly gunzTarPerm extractEntry README.md
188 silly gunzTarPerm modified mode [ 'README.md', 436, 438 ]
189 silly gunzTarPerm extractEntry include_dirs.js
190 silly gunzTarPerm modified mode [ 'include_dirs.js', 436, 438 ]
191 silly gunzTarPerm extractEntry README.md
192 silly gunzTarPerm modified mode [ 'README.md', 420, 438 ]
193 silly gunzTarPerm extractEntry bindings.js
194 silly gunzTarPerm modified mode [ 'bindings.js', 420, 438 ]
195 silly gunzTarPerm extractEntry nan_converters.h
196 silly gunzTarPerm modified mode [ 'nan_converters.h', 436, 438 ]
197 silly gunzTarPerm extractEntry LICENSE.md
198 silly gunzTarPerm modified mode [ 'LICENSE.md', 436, 438 ]
199 silly gunzTarPerm extractEntry doc/node_misc.md
200 silly gunzTarPerm modified mode [ 'doc/node_misc.md', 436, 438 ]
201 silly gunzTarPerm extractEntry doc/asyncworker.md
202 silly gunzTarPerm modified mode [ 'doc/asyncworker.md', 436, 438 ]
203 verbose write writing to C:\Users\Wacharabuhm\Documents\GitHub\ezmak\node_modules\bcrypt\node_modules\bindings\package.json
204 info preinstall bindings@1.2.1
205 verbose readDependencies loading dependencies from C:\Users\Wacharabuhm\Documents\GitHub\ezmak\node_modules\bcrypt\node_modules\bindings\package.json
206 silly gunzTarPerm extractEntry doc/callback.md
207 silly gunzTarPerm modified mode [ 'doc/callback.md', 436, 438 ]
208 silly gunzTarPerm extractEntry doc/converters.md
209 silly gunzTarPerm modified mode [ 'doc/converters.md', 436, 438 ]
210 verbose readDependencies loading dependencies from C:\Users\Wacharabuhm\Documents\GitHub\ezmak\node_modules\bcrypt\node_modules\bindings\package.json
211 silly install resolved []
212 verbose about to build C:\Users\Wacharabuhm\Documents\GitHub\ezmak\node_modules\bcrypt\node_modules\bindings
213 info build C:\Users\Wacharabuhm\Documents\GitHub\ezmak\node_modules\bcrypt\node_modules\bindings
214 info linkStuff bindings@1.2.1
215 silly linkStuff bindings@1.2.1 has C:\Users\Wacharabuhm\Documents\GitHub\ezmak\node_modules\bcrypt\node_modules as its parent node_modules
216 silly gunzTarPerm extractEntry doc/errors.md
217 silly gunzTarPerm modified mode [ 'doc/errors.md', 436, 438 ]
218 silly gunzTarPerm extractEntry doc/maybe_types.md
219 silly gunzTarPerm modified mode [ 'doc/maybe_types.md', 436, 438 ]
220 verbose linkBins bindings@1.2.1
221 verbose linkMans bindings@1.2.1
222 verbose rebuildBundles bindings@1.2.1
223 silly gunzTarPerm extractEntry doc/methods.md
224 silly gunzTarPerm modified mode [ 'doc/methods.md', 436, 438 ]
225 silly gunzTarPerm extractEntry doc/new.md
226 silly gunzTarPerm modified mode [ 'doc/new.md', 436, 438 ]
227 info install bindings@1.2.1
228 info postinstall bindings@1.2.1
229 verbose unlock done using C:\Users\Wacharabuhm\AppData\Roaming\npm-cache\_locks\bindings-9983080f210c23f9.lock for C:\Users\Wacharabuhm\Documents\GitHub\ezmak\node_modules\bcrypt\node_modules\bindings
230 silly gunzTarPerm extractEntry doc/buffers.md
231 silly gunzTarPerm modified mode [ 'doc/buffers.md', 436, 438 ]
232 silly gunzTarPerm extractEntry doc/object_wrappers.md
233 silly gunzTarPerm modified mode [ 'doc/object_wrappers.md', 436, 438 ]
234 silly gunzTarPerm extractEntry doc/persistent.md
235 silly gunzTarPerm modified mode [ 'doc/persistent.md', 436, 438 ]
236 silly gunzTarPerm extractEntry doc/scopes.md
237 silly gunzTarPerm modified mode [ 'doc/scopes.md', 436, 438 ]
238 silly gunzTarPerm extractEntry doc/script.md
239 silly gunzTarPerm modified mode [ 'doc/script.md', 436, 438 ]
240 silly gunzTarPerm extractEntry doc/string_bytes.md
241 silly gunzTarPerm modified mode [ 'doc/string_bytes.md', 436, 438 ]
242 silly gunzTarPerm extractEntry doc/v8_internals.md
243 silly gunzTarPerm modified mode [ 'doc/v8_internals.md', 436, 438 ]
244 silly gunzTarPerm extractEntry doc/v8_misc.md
245 silly gunzTarPerm modified mode [ 'doc/v8_misc.md', 436, 438 ]
246 silly gunzTarPerm extractEntry nan.h
247 silly gunzTarPerm modified mode [ 'nan.h', 436, 438 ]
248 silly gunzTarPerm extractEntry nan_callbacks.h
249 silly gunzTarPerm modified mode [ 'nan_callbacks.h', 436, 438 ]
250 silly gunzTarPerm extractEntry nan_callbacks_12_inl.h
251 silly gunzTarPerm modified mode [ 'nan_callbacks_12_inl.h', 436, 438 ]
252 silly gunzTarPerm extractEntry nan_callbacks_pre_12_inl.h
253 silly gunzTarPerm modified mode [ 'nan_callbacks_pre_12_inl.h', 436, 438 ]
254 silly gunzTarPerm extractEntry nan_converters_43_inl.h
255 silly gunzTarPerm modified mode [ 'nan_converters_43_inl.h', 436, 438 ]
256 silly gunzTarPerm extractEntry nan_converters_pre_43_inl.h
257 silly gunzTarPerm modified mode [ 'nan_converters_pre_43_inl.h', 436, 438 ]
258 silly gunzTarPerm extractEntry nan_implementation_12_inl.h
259 silly gunzTarPerm modified mode [ 'nan_implementation_12_inl.h', 436, 438 ]
260 silly gunzTarPerm extractEntry nan_implementation_pre_12_inl.h
261 silly gunzTarPerm modified mode [ 'nan_implementation_pre_12_inl.h', 436, 438 ]
262 silly gunzTarPerm extractEntry nan_maybe_43_inl.h
263 silly gunzTarPerm modified mode [ 'nan_maybe_43_inl.h', 436, 438 ]
264 silly gunzTarPerm extractEntry nan_maybe_pre_43_inl.h
265 silly gunzTarPerm modified mode [ 'nan_maybe_pre_43_inl.h', 436, 438 ]
266 silly gunzTarPerm extractEntry nan_new.h
267 silly gunzTarPerm modified mode [ 'nan_new.h', 436, 438 ]
268 silly gunzTarPerm extractEntry nan_object_wrap.h
269 silly gunzTarPerm modified mode [ 'nan_object_wrap.h', 436, 438 ]
270 silly gunzTarPerm extractEntry nan_persistent_12_inl.h
271 silly gunzTarPerm modified mode [ 'nan_persistent_12_inl.h', 436, 438 ]
272 silly gunzTarPerm extractEntry nan_persistent_pre_12_inl.h
273 silly gunzTarPerm modified mode [ 'nan_persistent_pre_12_inl.h', 436, 438 ]
274 silly gunzTarPerm extractEntry nan_string_bytes.h
275 silly gunzTarPerm modified mode [ 'nan_string_bytes.h', 436, 438 ]
276 silly gunzTarPerm extractEntry nan_typedarray_contents.h
277 silly gunzTarPerm modified mode [ 'nan_typedarray_contents.h', 436, 438 ]
278 silly gunzTarPerm extractEntry nan_weak.h
279 silly gunzTarPerm modified mode [ 'nan_weak.h', 436, 438 ]
280 silly gunzTarPerm extractEntry CHANGELOG.md
281 silly gunzTarPerm modified mode [ 'CHANGELOG.md', 436, 438 ]
282 silly gunzTarPerm extractEntry tools/package.json
283 silly gunzTarPerm modified mode [ 'tools/package.json', 436, 438 ]
284 silly gunzTarPerm extractEntry tools/README.md
285 silly gunzTarPerm modified mode [ 'tools/README.md', 436, 438 ]
286 silly gunzTarPerm extractEntry tools/1to2.js
287 silly gunzTarPerm modified mode [ 'tools/1to2.js', 509, 511 ]
288 verbose write writing to C:\Users\Wacharabuhm\Documents\GitHub\ezmak\node_modules\bcrypt\node_modules\nan\package.json
289 info preinstall nan@2.3.5
290 verbose readDependencies loading dependencies from C:\Users\Wacharabuhm\Documents\GitHub\ezmak\node_modules\bcrypt\node_modules\nan\package.json
291 verbose readDependencies loading dependencies from C:\Users\Wacharabuhm\Documents\GitHub\ezmak\node_modules\bcrypt\node_modules\nan\package.json
292 silly install resolved []
293 verbose about to build C:\Users\Wacharabuhm\Documents\GitHub\ezmak\node_modules\bcrypt\node_modules\nan
294 info build C:\Users\Wacharabuhm\Documents\GitHub\ezmak\node_modules\bcrypt\node_modules\nan
295 info linkStuff nan@2.3.5
296 silly linkStuff nan@2.3.5 has C:\Users\Wacharabuhm\Documents\GitHub\ezmak\node_modules\bcrypt\node_modules as its parent node_modules
297 verbose linkBins nan@2.3.5
298 verbose linkMans nan@2.3.5
299 verbose rebuildBundles nan@2.3.5
300 info install nan@2.3.5
301 info postinstall nan@2.3.5
302 verbose unlock done using C:\Users\Wacharabuhm\AppData\Roaming\npm-cache\_locks\nan-599296a017ee8d72.lock for C:\Users\Wacharabuhm\Documents\GitHub\ezmak\node_modules\bcrypt\node_modules\nan
303 verbose about to build C:\Users\Wacharabuhm\Documents\GitHub\ezmak\node_modules\bcrypt
304 info build C:\Users\Wacharabuhm\Documents\GitHub\ezmak\node_modules\bcrypt
305 info linkStuff bcrypt@0.8.7
306 silly linkStuff bcrypt@0.8.7 has C:\Users\Wacharabuhm\Documents\GitHub\ezmak\node_modules as its parent node_modules
307 verbose linkBins bcrypt@0.8.7
308 verbose linkMans bcrypt@0.8.7
309 verbose rebuildBundles bcrypt@0.8.7
310 verbose rebuildBundles [ 'bindings', 'nan' ]
311 info install bcrypt@0.8.7
312 verbose unsafe-perm in lifecycle true
313 info bcrypt@0.8.7 Failed to exec install script
314 verbose unlock done using C:\Users\Wacharabuhm\AppData\Roaming\npm-cache\_locks\bcrypt-b951a25b28b078d9.lock for C:\Users\Wacharabuhm\Documents\GitHub\ezmak\node_modules\bcrypt
315 verbose stack Error: bcrypt@0.8.7 install: `node-gyp rebuild`
315 verbose stack Exit status 1
315 verbose stack     at EventEmitter.<anonymous> (C:\Program Files\nodejs\node_modules\npm\lib\utils\lifecycle.js:217:16)
315 verbose stack     at emitTwo (events.js:87:13)
315 verbose stack     at EventEmitter.emit (events.js:172:7)
315 verbose stack     at ChildProcess.<anonymous> (C:\Program Files\nodejs\node_modules\npm\lib\utils\spawn.js:24:14)
315 verbose stack     at emitTwo (events.js:87:13)
315 verbose stack     at ChildProcess.emit (events.js:172:7)
315 verbose stack     at maybeClose (internal/child_process.js:827:16)
315 verbose stack     at Process.ChildProcess._handle.onexit (internal/child_process.js:211:5)
316 verbose pkgid bcrypt@0.8.7
317 verbose cwd C:\Users\Wacharabuhm\Documents\GitHub\ezmak
318 error Windows_NT 10.0.10586
319 error argv "C:\\Program Files\\nodejs\\node.exe" "C:\\Program Files\\nodejs\\node_modules\\npm\\bin\\npm-cli.js" "install" "bcrypt" "--save"
320 error node v4.4.5
321 error npm  v2.15.5
322 error code ELIFECYCLE
323 error bcrypt@0.8.7 install: `node-gyp rebuild`
323 error Exit status 1
324 error Failed at the bcrypt@0.8.7 install script 'node-gyp rebuild'.
324 error This is most likely a problem with the bcrypt package,
324 error not with npm itself.
324 error Tell the author that this fails on your system:
324 error     node-gyp rebuild
324 error You can get information on how to open an issue for this project with:
324 error     npm bugs bcrypt
324 error Or if that isn't available, you can get their info via:
324 error
324 error     npm owner ls bcrypt
324 error There is likely additional logging output above.
325 verbose exit [ 1, true ]
326 verbose unbuild node_modules\bcrypt
327 info preuninstall bcrypt@0.8.7
328 info uninstall bcrypt@0.8.7
329 verbose unbuild rmStuff bcrypt@0.8.7 from C:\Users\Wacharabuhm\Documents\GitHub\ezmak\node_modules
330 info postuninstall bcrypt@0.8.7
331 silly gentlyRm C:\Users\Wacharabuhm\Documents\GitHub\ezmak\node_modules\bcrypt is being purged from base C:\Users\Wacharabuhm\Documents\GitHub\ezmak
332 verbose gentlyRm don't care about contents; nuking C:\Users\Wacharabuhm\Documents\GitHub\ezmak\node_modules\bcrypt
333 silly vacuum-fs purging C:\Users\Wacharabuhm\Documents\GitHub\ezmak\node_modules\bcrypt
334 silly vacuum-fs quitting because other entries in C:\Users\Wacharabuhm\Documents\GitHub\ezmak\node_modules
